yarn run v1.22.19
$ build-storybook --output-dir /var/folders/0s/t20w5rl909zg_3cphhq4vswr0000gn/T/chromatic--45029-dJrlOnUmEV7q
info @storybook/react v6.5.16
info 
info => Cleaning outputDir: /var/folders/0s/t20w5rl909zg_3cphhq4vswr0000gn/T/chromatic--45029-dJrlOnUmEV7q
info => Loading presets
info => Compiling manager..
info => Compiling preview..
info Addon-docs: using MDX1
info => Using implicit CSS loaders
(node:45096) DeprecationWarning: Default PostCSS plugins are deprecated. When switching to '@storybook/addon-postcss',
you will need to add your own plugins, such as 'postcss-flexbugs-fixes' and 'autoprefixer'.

See https://github.com/storybookjs/storybook/blob/next/MIGRATION.md#deprecated-default-postcss-plugins for details.
(Use `node --trace-deprecation ...` to show where the warning was created)
WARN Storybook support for Create React App is now a separate preset.
WARN To use the new preset, install `@storybook/preset-create-react-app` and add it to the list of `addons` in your `.storybook/main.js` config file.
WARN The built-in preset has been disabled in Storybook 6.0.
info => Using default Webpack4 setup
<s> [webpack.Progress] 0% compiling
<s> [webpack.Progress] 10% building 0/0 modules 0 active 
<s> [webpack.Progress] 10% building 0/1 modules 1 active multi /Users/kadet/Desktop/workstation/personal/adplist-test/adp-common/node_modules/@storybook/core-client/dist/esm/globals/polyfills.js /Users/kadet/Desktop/workstation/personal/adplist-test/adp-common/node_modules/@storybook/core-client/dist/esm/globals/globals.js /Users/kadet/Desktop/workstation/personal/adplist-test/adp-common/storybook-init-framework-entry.js /Users/kadet/Desktop/workstation/personal/adplist-test/adp-common/node_modules/@storybook/react/dist/esm/client/docs/config-generated-config-entry.js /Users/kadet/Desktop/workstation/personal/adplist-test/adp-common/node_modules/@storybook/react/dist/esm/client/preview/config-generated-config-entry.js /Users/kadet/Desktop/workstation/personal/adplist-test/adp-common/node_modules/@storybook/addon-links/preview.js-generated-config-entry.js /Users/kadet/Desktop/workstation/personal/adplist-test/adp-common/node_modules/@storybook/addon-docs/preview.js-generated-config-entry.js /Users/kadet/Desktop/workstation/personal/adplist-test/adp-common/node_modules/@storybook/addon-actions/preview.js-generated-config-entry.js /Users/kadet/Desktop/workstation/personal/adplist-test/adp-common/node_modules/@storybook/addon-backgrounds/preview.js-generated-config-entry.js /Users/kadet/Desktop/workstation/personal/adplist-test/adp-common/node_modules/@storybook/addon-measure/preview.js-generated-config-entry.js /Users/kadet/Desktop/workstation/personal/adplist-test/adp-common/node_modules/@storybook/addon-outline/preview.js-generated-config-entry.js /Users/kadet/Desktop/workstation/personal/adplist-test/adp-common/node_modules/@storybook/addon-interactions/preview.js-generated-config-entry.js /Users/kadet/Desktop/workstation/personal/adplist-test/adp-common/.storybook/preview.js-generated-config-entry.js /Users/kadet/Desktop/workstation/personal/adplist-test/adp-common/generated-stories-entry.js
<s> [webpack.Progress] 10% building 1/1 modules 0 active 
<s> [webpack.Progress] 10% building 1/2 modules 1 active /Users/kadet/Desktop/workstation/personal/adplist-test/adp-common/node_modules/@storybook/addon-actions/preview.js-generated-config-entry.js
<s> [webpack.Progress] 10% building 1/3 modules 2 active /Users/kadet/Desktop/workstation/personal/adplist-test/adp-common/node_modules/@storybook/addon-docs/preview.js-generated-config-entry.js
<s> [webpack.Progress] 10% building 1/4 modules 3 active /Users/kadet/Desktop/workstation/personal/adplist-test/adp-common/node_modules/@storybook/addon-backgrounds/preview.js-generated-config-entry.js
<s> [webpack.Progress] 10% building 1/5 modules 4 active /Users/kadet/Desktop/workstation/personal/adplist-test/adp-common/node_modules/@storybook/addon-interactions/preview.js-generated-config-entry.js
<s> [webpack.Progress] 10% building 1/6 modules 5 active /Users/kadet/Desktop/workstation/personal/adplist-test/adp-common/node_modules/@storybook/addon-links/preview.js-generated-config-entry.js
<s> [webpack.Progress] 10% building 1/7 modules 6 active /Users/kadet/Desktop/workstation/personal/adplist-test/adp-common/node_modules/@storybook/addon-measure/preview.js-generated-config-entry.js
<s> [webpack.Progress] 10% building 1/8 modules 7 active /Users/kadet/Desktop/workstation/personal/adplist-test/adp-common/node_modules/@storybook/addon-outline/preview.js-generated-config-entry.js
node:internal/crypto/hash:71
  this[kHandle] = new _Hash(algorithm, xofLen);
                  ^

Error: error:0308010C:digital envelope routines::unsupported
    at new Hash (node:internal/crypto/hash:71:19)
    at Object.createHash (node:crypto:133:10)
    at module.exports (/Users/kadet/Desktop/workstation/personal/adplist-test/adp-common/node_modules/@storybook/builder-webpack4/node_modules/webpack/lib/util/createHash.js:135:53)
    at NormalModule._initBuildHash (/Users/kadet/Desktop/workstation/personal/adplist-test/adp-common/node_modules/@storybook/builder-webpack4/node_modules/webpack/lib/NormalModule.js:417:16)
    at handleParseError (/Users/kadet/Desktop/workstation/personal/adplist-test/adp-common/node_modules/@storybook/builder-webpack4/node_modules/webpack/lib/NormalModule.js:471:10)
    at /Users/kadet/Desktop/workstation/personal/adplist-test/adp-common/node_modules/@storybook/builder-webpack4/node_modules/webpack/lib/NormalModule.js:503:5
    at /Users/kadet/Desktop/workstation/personal/adplist-test/adp-common/node_modules/@storybook/builder-webpack4/node_modules/webpack/lib/NormalModule.js:358:12
    at /Users/kadet/Desktop/workstation/personal/adplist-test/adp-common/node_modules/@storybook/builder-webpack4/node_modules/loader-runner/lib/LoaderRunner.js:373:3
    at iterateNormalLoaders (/Users/kadet/Desktop/workstation/personal/adplist-test/adp-common/node_modules/@storybook/builder-webpack4/node_modules/loader-runner/lib/LoaderRunner.js:214:10)
    at /Users/kadet/Desktop/workstation/personal/adplist-test/adp-common/node_modules/@storybook/builder-webpack4/node_modules/loader-runner/lib/LoaderRunner.js:205:4
    at /Users/kadet/Desktop/workstation/personal/adplist-test/adp-common/node_modules/@storybook/builder-webpack4/node_modules/enhanced-resolve/lib/CachedInputFileSystem.js:85:15
    at process.processTicksAndRejections (node:internal/process/task_queues:77:11) {
  opensslErrorStack: [ 'error:03000086:digital envelope routines::initialization error' ],
  library: 'digital envelope routines',
  reason: 'unsupported',
  code: 'ERR_OSSL_EVP_UNSUPPORTED'
}

Node.js v18.15.0
error Command failed with exit code 1.
info Visit https://yarnpkg.com/en/docs/cli/run for documentation about this command.
